d:\203 - c++\c++ sample\python_wrapper\python_wrapper\x64\release\vc140.pdb
d:\203 - c++\c++ sample\python_wrapper\python_wrapper\x64\release\stdafx.obj
d:\203 - c++\c++ sample\python_wrapper\python_wrapper\x64\release\python_wrapper.obj
d:\203 - c++\c++ sample\python_wrapper\python_wrapper\x64\release\dllmain.obj
d:\203 - c++\c++ sample\c++_tree\python_wrapper.pyd
d:\203 - c++\c++ sample\c++_tree\python_wrapper.ipdb
d:\203 - c++\c++ sample\c++_tree\python_wrapper.iobj
d:\203 - c++\c++ sample\c++_tree\python_wrapper.pdb
d:\203 - c++\c++ sample\python_wrapper\x64\release\python_wrapper.lib
d:\203 - c++\c++ sample\python_wrapper\x64\release\python_wrapper.exp
d:\203 - c++\c++ sample\c++_tree\python_wrapper.lib
d:\203 - c++\c++ sample\c++_tree\python_wrapper.exp
d:\203 - c++\c++ sample\python_wrapper\python_wrapper\..\..\c++_tree\python_wrapper.pyd
d:\203 - c++\c++ sample\python_wrapper\python_wrapper\x64\release\python_wrapper.tlog\cl.command.1.tlog
d:\203 - c++\c++ sample\python_wrapper\python_wrapper\x64\release\python_wrapper.tlog\cl.read.1.tlog
d:\203 - c++\c++ sample\python_wrapper\python_wrapper\x64\release\python_wrapper.tlog\cl.write.1.tlog
d:\203 - c++\c++ sample\python_wrapper\python_wrapper\x64\release\python_wrapper.tlog\link.command.1.tlog
d:\203 - c++\c++ sample\python_wrapper\python_wrapper\x64\release\python_wrapper.tlog\link.read.1.tlog
d:\203 - c++\c++ sample\python_wrapper\python_wrapper\x64\release\python_wrapper.tlog\link.write.1.tlog
d:\203 - c++\c++ sample\python_wrapper\python_wrapper\x64\release\python_wrapper.tlog\python_wrapper.write.1u.tlog
