d:\203 - c++\c++ sample\python_invoker_module\python_invoker_module\x64\release\vc140.pdb
d:\203 - c++\c++ sample\python_invoker_module\python_invoker_module\x64\release\stdafx.obj
d:\203 - c++\c++ sample\python_invoker_module\python_invoker_module\x64\release\python_invoker_module.obj
d:\203 - c++\c++ sample\python_invoker_module\python_invoker_module\x64\release\pyinvoker.obj
d:\203 - c++\c++ sample\python_invoker_module\x64\release\python_invoker_module.exe
d:\203 - c++\c++ sample\python_invoker_module\x64\release\python_invoker_module.ipdb
d:\203 - c++\c++ sample\python_invoker_module\x64\release\python_invoker_module.iobj
d:\203 - c++\c++ sample\python_invoker_module\x64\release\python_invoker_module.pdb
d:\203 - c++\c++ sample\c++_tree\python_invoker_module.exe
d:\203 - c++\c++ sample\c++_tree\python_invoker_module.ipdb
d:\203 - c++\c++ sample\c++_tree\python_invoker_module.iobj
d:\203 - c++\c++ sample\c++_tree\python_invoker_module.pdb
d:\203 - c++\c++ sample\python_invoker_module\x64\release\python_invoker_module.lib
d:\203 - c++\c++ sample\python_invoker_module\x64\release\python_invoker_module.exp
d:\203 - c++\c++ sample\c++_tree\python_invoker_module.lib
d:\203 - c++\c++ sample\c++_tree\python_invoker_module.exp
d:\203 - c++\c++ sample\python_invoker_module\python_invoker_module\..\..\c++_tree\python_invoker_module.exe
d:\203 - c++\c++ sample\python_invoker_module\python_invoker_module\x64\release\python_i.86ce7bb9.tlog\cl.command.1.tlog
d:\203 - c++\c++ sample\python_invoker_module\python_invoker_module\x64\release\python_i.86ce7bb9.tlog\cl.read.1.tlog
d:\203 - c++\c++ sample\python_invoker_module\python_invoker_module\x64\release\python_i.86ce7bb9.tlog\cl.write.1.tlog
d:\203 - c++\c++ sample\python_invoker_module\python_invoker_module\x64\release\python_i.86ce7bb9.tlog\link.command.1.tlog
d:\203 - c++\c++ sample\python_invoker_module\python_invoker_module\x64\release\python_i.86ce7bb9.tlog\link.read.1.tlog
d:\203 - c++\c++ sample\python_invoker_module\python_invoker_module\x64\release\python_i.86ce7bb9.tlog\link.write.1.tlog
d:\203 - c++\c++ sample\python_invoker_module\python_invoker_module\x64\release\python_i.86ce7bb9.tlog\python_invoker_module.write.1u.tlog
